Arguments: 
  /Users/Sage/.nvm/versions/node/v10.15.3/bin/node /usr/local/bin/yarn add -D @emotion/core @emotion/styled emotion-theming

PATH: 
  /Users/Sage/.nvm/versions/node/v10.15.3/bin:/usr/local/bin:/usr/bin:/bin:/usr/sbin:/sbin:/opt/ImageMagick/bin

Yarn version: 
  1.3.2

Node version: 
  10.15.3

Platform: 
  darwin x64

npm manifest: 
  {
    "name": "chakra-ui",
    "version": "1.0.0",
    "description": "chakra-ui React component",
    "main": "lib/index.js",
    "module": "es/index.js",
    "files": [
      "css",
      "es",
      "lib",
      "umd"
    ],
    "scripts": {
      "build": "nwb build-react-component",
      "clean": "nwb clean-module && nwb clean-demo",
      "prepublishOnly": "npm run build",
      "start": "nwb serve-react-demo",
      "test": "nwb test-react",
      "test:coverage": "nwb test-react --coverage",
      "test:watch": "nwb test-react --server"
    },
    "dependencies": {},
    "peerDependencies": {
      "react": "16.x"
    },
    "devDependencies": {
      "nwb": "0.23.x",
      "react": "16.8.6",
      "react-dom": "16.8.6"
    },
    "author": "",
    "homepage": "",
    "license": "MIT",
    "repository": "",
    "keywords": [
      "react-component"
    ]
  }

yarn manifest: 
  No manifest

Lockfile: 
  No lockfile

Trace: 
  Error: https://registry.yarnpkg.com/path-proxy: ETIMEDOUT
      at Timeout._onTimeout (/usr/local/lib/node_modules/yarn/lib/cli.js:123749:19)
      at ontimeout (timers.js:436:11)
      at tryOnTimeout (timers.js:300:5)
      at listOnTimeout (timers.js:263:5)
      at Timer.processTimers (timers.js:223:10)
